Using pre-set license
Built from '2020.3/staging' branch; Version is '2020.3.18f1 (a7d1c678663c) revision 10998214'; Using compiler version '192528614'; Build Type 'Release'
OS: 'Windows 10 Pro N; OS build 22000.318; Version 2009; 64bit' Language: 'en' Physical Memory: 3858 MB
BatchMode: 1, IsHumanControllingUs: 0, StartBugReporterOnCrash: 0, Is64bit: 1, IsPro: 0

COMMAND LINE ARGUMENTS:
C:\Program Files\Unity\Hub\Editor\2020.3.18f1\Editor\Unity.exe
-adb2
-batchMode
-noUpm
-name
AssetImportWorker0
-projectPath
C:/Projects/GitHub/EnergyWarsBackuped/EnergyWarsBackuped
-logFile
Logs/AssetImportWorker0.log
-srvPort
53205
Successfully changed project path to: C:/Projects/GitHub/EnergyWarsBackuped/EnergyWarsBackuped
C:/Projects/GitHub/EnergyWarsBackuped/EnergyWarsBackuped
Using Asset Import Pipeline V2.
Refreshing native plugins compatible for Editor in 56.58 ms, found 2 plugins.
Preloading 0 native plugins for Editor in 0.00 ms.
Initialize engine version: 2020.3.18f1 (a7d1c678663c)
[Subsystems] Discovering subsystems at path C:/Program Files/Unity/Hub/Editor/2020.3.18f1/Editor/Data/Resources/UnitySubsystems
[Subsystems] Discovering subsystems at path C:/Projects/GitHub/EnergyWarsBackuped/EnergyWarsBackuped/Assets
GfxDevice: creating device client; threaded=0
Direct3D:
    Version:  Direct3D 11.0 [level 11.1]
    Renderer: Intel(R) UHD Graphics 630 (ID=0x3e92)
    Vendor:   
    VRAM:     1929 MB
    Driver:   27.20.100.9664
Initialize mono
Mono path[0] = 'C:/Program Files/Unity/Hub/Editor/2020.3.18f1/Editor/Data/Managed'
Mono path[1] = 'C:/Program Files/Unity/Hub/Editor/2020.3.18f1/Editor/Data/MonoBleedingEdge/lib/mono/unityjit'
Mono config path = 'C:/Program Files/Unity/Hub/Editor/2020.3.18f1/Editor/Data/MonoBleedingEdge/etc'
Using monoOptions --debugger-agent=transport=dt_socket,embedding=1,server=y,suspend=n,address=127.0.0.1:56416
Begin MonoManager ReloadAssembly
Registering precompiled unity dll's ...
Register platform support module: C:/Program Files/Unity/Hub/Editor/2020.3.18f1/Editor/Data/PlaybackEngines/WindowsStandaloneSupport/UnityEditor.WindowsStandalone.Extensions.dll
Registered in 0.021282 seconds.
Native extension for WindowsStandalone target not found
Refreshing native plugins compatible for Editor in 58.03 ms, found 2 plugins.
Preloading 0 native plugins for Editor in 0.00 ms.
Mono: successfully reloaded assembly
- Completed reload, in  2.766 seconds
Domain Reload Profiling:
	ReloadAssembly (2767ms)
		BeginReloadAssembly (187ms)
			ExecutionOrderSort (0ms)
			DisableScriptedObjects (0ms)
			BackupInstance (0ms)
			ReleaseScriptingObjects (0ms)
			CreateAndSetChildDomain (1ms)
		EndReloadAssembly (527ms)
			LoadAssemblies (186ms)
			RebuildTransferFunctionScriptingTraits (0ms)
			SetupTypeCache (192ms)
			ReleaseScriptCaches (0ms)
			RebuildScriptCaches (34ms)
			SetupLoadedEditorAssemblies (221ms)
				LogAssemblyErrors (0ms)
				InitializePlatformSupportModulesInManaged (4ms)
				SetLoadedEditorAssemblies (0ms)
				RefreshPlugins (58ms)
				BeforeProcessingInitializeOnLoad (21ms)
				ProcessInitializeOnLoadAttributes (92ms)
				ProcessInitializeOnLoadMethodAttributes (45ms)
				AfterProcessingInitializeOnLoad (0ms)
				EditorAssembliesLoaded (0ms)
			ExecutionOrderSort2 (0ms)
			AwakeInstancesAfterBackupRestoration (0ms)
Platform modules already initialized, skipping
Registering precompiled user dll's ...
Registered in 0.012426 seconds.
Begin MonoManager ReloadAssembly
Native extension for WindowsStandalone target not found
Refreshing native plugins compatible for Editor in 65.97 ms, found 2 plugins.
Preloading 0 native plugins for Editor in 0.00 ms.
Mono: successfully reloaded assembly
- Completed reload, in  1.675 seconds
Domain Reload Profiling:
	ReloadAssembly (1677ms)
		BeginReloadAssembly (172ms)
			ExecutionOrderSort (0ms)
			DisableScriptedObjects (5ms)
			BackupInstance (0ms)
			ReleaseScriptingObjects (0ms)
			CreateAndSetChildDomain (22ms)
		EndReloadAssembly (1415ms)
			LoadAssemblies (205ms)
			RebuildTransferFunctionScriptingTraits (0ms)
			SetupTypeCache (450ms)
			ReleaseScriptCaches (1ms)
			RebuildScriptCaches (58ms)
			SetupLoadedEditorAssemblies (503ms)
				LogAssemblyErrors (0ms)
				InitializePlatformSupportModulesInManaged (4ms)
				SetLoadedEditorAssemblies (0ms)
				RefreshPlugins (66ms)
				BeforeProcessingInitializeOnLoad (114ms)
				ProcessInitializeOnLoadAttributes (305ms)
				ProcessInitializeOnLoadMethodAttributes (8ms)
				AfterProcessingInitializeOnLoad (5ms)
				EditorAssembliesLoaded (0ms)
			ExecutionOrderSort2 (0ms)
			AwakeInstancesAfterBackupRestoration (8ms)
Platform modules already initialized, skipping
========================================================================
Worker process is ready to serve import requests
Launched and connected shader compiler UnityShaderCompiler.exe after 0.16 seconds
Refreshing native plugins compatible for Editor in 0.70 ms, found 2 plugins.
Preloading 0 native plugins for Editor in 0.00 ms.
Unloading 2869 Unused Serialized files (Serialized files now loaded: 0)
System memory in use before: 142.9 MB.
System memory in use after: 143.1 MB.

Unloading 18 unused Assets to reduce memory usage. Loaded Objects now: 3321.
Total: 4.119200 ms (FindLiveObjects: 0.652700 ms CreateObjectMapping: 0.233300 ms MarkObjects: 3.084900 ms  DeleteObjects: 0.147000 ms)

AssetImportParameters requested are different than current active one (requested -> active):
  custom:framework-win-MediaFoundation: 216162199b28c13a410421893ffa2e32 -> 
  custom:video-decoder-ogg-theora: a1e56fd34408186e4bbccfd4996cb3dc -> 
  custom:container-muxer-webm: aa71ff27fc2769a1b78a27578f13a17b -> 
  custom:container-demuxer-webm: 4f35f7cbe854078d1ac9338744f61a02 -> 
  custom:container-demuxer-ogg: 62fdf1f143b41e24485cea50d1cbac27 -> 
  custom:video-encoder-webm-vp8: eb34c28f22e8b96e1ab97ce403110664 -> 
  custom:video-decoder-webm-vp8: 9c59270c3fd7afecdb556c50c9e8de78 -> 
  custom:audio-decoder-ogg-vorbis: bf7c407c2cedff20999df2af8eb42d56 -> 
  custom:audio-encoder-webm-vorbis: bf7c407c2cedff20999df2af8eb42d56 -> 
========================================================================
Received Import Request.
  path: Assets/Objects/Enem
  artifactKey: Guid(da7b5ae56e21f0240af69a1e6d19ab66) Importer(815301076,1909f56bfc062723c751e8b465ee728b)
Start importing Assets/Objects/Enem using Guid(da7b5ae56e21f0240af69a1e6d19ab66) Importer(815301076,1909f56bfc062723c751e8b465ee728b)  -> (artifact id: '74411744e39ff7297879298f7555009c') in 0.020471 seconds 
  Import took 0.025453 seconds .

========================================================================
Received Import Request.
  Time since last request: 0.000209 seconds.
  path: Assets/Objects
  artifactKey: Guid(5370161badbedc94b8c10f7720488220) Importer(815301076,1909f56bfc062723c751e8b465ee728b)
Start importing Assets/Objects using Guid(5370161badbedc94b8c10f7720488220) Importer(815301076,1909f56bfc062723c751e8b465ee728b)  -> (artifact id: 'b849d53e8b2746bf18650a1906f86e9d') in 0.017733 seconds 
  Import took 0.024440 seconds .

========================================================================
Received Import Request.
  Time since last request: 0.000214 seconds.
  path: Assets/Render
  artifactKey: Guid(ed1386ee868611f4082397b20acdbabd) Importer(815301076,1909f56bfc062723c751e8b465ee728b)
Start importing Assets/Render using Guid(ed1386ee868611f4082397b20acdbabd) Importer(815301076,1909f56bfc062723c751e8b465ee728b)  -> (artifact id: '6f314622b94038ef87f967cf8e9a763d') in 0.035129 seconds 
  Import took 0.046658 seconds .

========================================================================
Received Import Request.
  Time since last request: 0.000322 seconds.
  path: Assets
  artifactKey: Guid(00000000000000001000000000000000) Importer(815301076,1909f56bfc062723c751e8b465ee728b)
Start importing Assets using Guid(00000000000000001000000000000000) Importer(815301076,1909f56bfc062723c751e8b465ee728b)  -> (artifact id: '42d402b061de3733987d63b9cc3b64de') in 0.023525 seconds 
  Import took 0.034680 seconds .

========================================================================
Received Import Request.
  Time since last request: 0.000272 seconds.
  path: Assets/Objects/Enem/ShootingEnemy/enemyShooter.fbx
  artifactKey: Guid(3ade34d0624102648b8b5a472e91387b) Importer(815301076,1909f56bfc062723c751e8b465ee728b)
Start importing Assets/Objects/Enem/ShootingEnemy/enemyShooter.fbx using Guid(3ade34d0624102648b8b5a472e91387b) Importer(815301076,1909f56bfc062723c751e8b465ee728b)  -> (artifact id: 'f1869e0439938e9ebdc6b0a22545ec18') in 0.374679 seconds 
  Import took 0.381042 seconds .

========================================================================
Received Import Request.
  Time since last request: 0.000234 seconds.
  path: Assets/Objects/Enem/ShootingEnemy
  artifactKey: Guid(228eeff5e55aeed4885c4f238d4a57d7) Importer(815301076,1909f56bfc062723c751e8b465ee728b)
Start importing Assets/Objects/Enem/ShootingEnemy using Guid(228eeff5e55aeed4885c4f238d4a57d7) Importer(815301076,1909f56bfc062723c751e8b465ee728b)  -> (artifact id: '0dfb11f349f5c863343abaee0a7efd44') in 0.015211 seconds 
  Import took 0.022924 seconds .

